23-Feb-2024 10:47:56.355 INFO [main] org.apache.catalina.startup.VersionLoggerListener.log Server version name:   Apache Tomcat/10.1.19
23-Feb-2024 10:47:56.368 INFO [main] org.apache.catalina.startup.VersionLoggerListener.log Server built:          Feb 14 2024 19:36:50 UTC
23-Feb-2024 10:47:56.372 INFO [main] org.apache.catalina.startup.VersionLoggerListener.log Server version number: 10.1.19.0
23-Feb-2024 10:47:56.372 INFO [main] org.apache.catalina.startup.VersionLoggerListener.log OS Name:               Windows 10
23-Feb-2024 10:47:56.375 INFO [main] org.apache.catalina.startup.VersionLoggerListener.log OS Version:            10.0
23-Feb-2024 10:47:56.375 INFO [main] org.apache.catalina.startup.VersionLoggerListener.log Architecture:          amd64
23-Feb-2024 10:47:56.375 INFO [main] org.apache.catalina.startup.VersionLoggerListener.log Java Home:             C:\Program Files\Java\jdk-20
23-Feb-2024 10:47:56.378 INFO [main] org.apache.catalina.startup.VersionLoggerListener.log JVM Version:           20.0.2+9-78
23-Feb-2024 10:47:56.378 INFO [main] org.apache.catalina.startup.VersionLoggerListener.log JVM Vendor:            Oracle Corporation
23-Feb-2024 10:47:56.381 INFO [main] org.apache.catalina.startup.VersionLoggerListener.log CATALINA_BASE:         D:\internet_technologies\tomcat\apache-tomcat-10.1.19
23-Feb-2024 10:47:56.381 INFO [main] org.apache.catalina.startup.VersionLoggerListener.log CATALINA_HOME:         D:\internet_technologies\tomcat\apache-tomcat-10.1.19
23-Feb-2024 10:47:56.402 INFO [main] org.apache.catalina.startup.VersionLoggerListener.log Command line argument: -Djava.util.logging.config.file=D:\internet_technologies\tomcat\apache-tomcat-10.1.19\conf\logging.properties
23-Feb-2024 10:47:56.402 INFO [main] org.apache.catalina.startup.VersionLoggerListener.log Command line argument: -Djava.util.logging.manager=org.apache.juli.ClassLoaderLogManager
23-Feb-2024 10:47:56.402 INFO [main] org.apache.catalina.startup.VersionLoggerListener.log Command line argument: -Djdk.tls.ephemeralDHKeySize=2048
23-Feb-2024 10:47:56.402 INFO [main] org.apache.catalina.startup.VersionLoggerListener.log Command line argument: -Djava.protocol.handler.pkgs=org.apache.catalina.webresources
23-Feb-2024 10:47:56.405 INFO [main] org.apache.catalina.startup.VersionLoggerListener.log Command line argument: --add-opens=java.base/java.lang=ALL-UNNAMED
23-Feb-2024 10:47:56.405 INFO [main] org.apache.catalina.startup.VersionLoggerListener.log Command line argument: --add-opens=java.base/java.io=ALL-UNNAMED
23-Feb-2024 10:47:56.408 INFO [main] org.apache.catalina.startup.VersionLoggerListener.log Command line argument: --add-opens=java.base/java.util=ALL-UNNAMED
23-Feb-2024 10:47:56.408 INFO [main] org.apache.catalina.startup.VersionLoggerListener.log Command line argument: --add-opens=java.base/java.util.concurrent=ALL-UNNAMED
23-Feb-2024 10:47:56.408 INFO [main] org.apache.catalina.startup.VersionLoggerListener.log Command line argument: --add-opens=java.rmi/sun.rmi.transport=ALL-UNNAMED
23-Feb-2024 10:47:56.411 INFO [main] org.apache.catalina.startup.VersionLoggerListener.log Command line argument: -Dcatalina.base=D:\internet_technologies\tomcat\apache-tomcat-10.1.19
23-Feb-2024 10:47:56.411 INFO [main] org.apache.catalina.startup.VersionLoggerListener.log Command line argument: -Dcatalina.home=D:\internet_technologies\tomcat\apache-tomcat-10.1.19
23-Feb-2024 10:47:56.414 INFO [main] org.apache.catalina.startup.VersionLoggerListener.log Command line argument: -Djava.io.tmpdir=D:\internet_technologies\tomcat\apache-tomcat-10.1.19\temp
23-Feb-2024 10:47:56.417 INFO [main] org.apache.catalina.core.AprLifecycleListener.lifecycleEvent Loaded Apache Tomcat Native library [2.0.7] using APR version [1.7.4].
23-Feb-2024 10:47:56.429 INFO [main] org.apache.catalina.core.AprLifecycleListener.initializeSSL OpenSSL successfully initialized [OpenSSL 3.0.13 30 Jan 2024]
23-Feb-2024 10:47:56.975 INFO [main] org.apache.coyote.AbstractProtocol.init Initializing ProtocolHandler ["http-nio-8080"]
23-Feb-2024 10:47:57.008 SEVERE [main] org.apache.catalina.util.LifecycleBase.handleSubClassException Failed to initialize component [Connector["http-nio-8080"]]
	org.apache.catalina.LifecycleException: Protocol handler initialization failed
		at org.apache.catalina.connector.Connector.initInternal(Connector.java:1015)
		at org.apache.catalina.util.LifecycleBase.init(LifecycleBase.java:127)
		at org.apache.catalina.core.StandardService.initInternal(StandardService.java:554)
		at org.apache.catalina.util.LifecycleBase.init(LifecycleBase.java:127)
		at org.apache.catalina.core.StandardServer.initInternal(StandardServer.java:1017)
		at org.apache.catalina.util.LifecycleBase.init(LifecycleBase.java:127)
		at org.apache.catalina.startup.Catalina.load(Catalina.java:708)
		at org.apache.catalina.startup.Catalina.load(Catalina.java:731)
		at java.base/jdk.internal.reflect.DirectMethodHandleAccessor.invoke(DirectMethodHandleAccessor.java:104)
		at java.base/java.lang.reflect.Method.invoke(Method.java:578)
		at org.apache.catalina.startup.Bootstrap.load(Bootstrap.java:302)
		at org.apache.catalina.startup.Bootstrap.main(Bootstrap.java:475)
	Caused by: java.net.BindException: Address already in use: bind
		at java.base/sun.nio.ch.Net.bind0(Native Method)
		at java.base/sun.nio.ch.Net.bind(Net.java:556)
		at java.base/sun.nio.ch.ServerSocketChannelImpl.netBind(ServerSocketChannelImpl.java:344)
		at java.base/sun.nio.ch.ServerSocketChannelImpl.bind(ServerSocketChannelImpl.java:301)
		at org.apache.tomcat.util.net.NioEndpoint.initServerSocket(NioEndpoint.java:247)
		at org.apache.tomcat.util.net.NioEndpoint.bind(NioEndpoint.java:202)
		at org.apache.tomcat.util.net.AbstractEndpoint.bindWithCleanup(AbstractEndpoint.java:1282)
		at org.apache.tomcat.util.net.AbstractEndpoint.init(AbstractEndpoint.java:1295)
		at org.apache.coyote.AbstractProtocol.init(AbstractProtocol.java:624)
		at org.apache.coyote.http11.AbstractHttp11Protocol.init(AbstractHttp11Protocol.java:77)
		at org.apache.catalina.connector.Connector.initInternal(Connector.java:1013)
		... 11 more
23-Feb-2024 10:47:57.012 INFO [main] org.apache.catalina.startup.Catalina.load Server initialization in [972] milliseconds
23-Feb-2024 10:47:57.123 INFO [main] org.apache.catalina.core.StandardService.startInternal Starting service [Catalina]
23-Feb-2024 10:47:57.123 INFO [main] org.apache.catalina.core.StandardEngine.startInternal Starting Servlet engine: [Apache Tomcat/10.1.19]
23-Feb-2024 10:47:57.144 INFO [main] org.apache.catalina.startup.HostConfig.deployDirectory Deploying web application directory [D:\internet_technologies\tomcat\apache-tomcat-10.1.19\webapps\docs]
23-Feb-2024 10:47:57.798 INFO [main] org.apache.catalina.startup.HostConfig.deployDirectory Deployment of web application directory [D:\internet_technologies\tomcat\apache-tomcat-10.1.19\webapps\docs] has finished in [651] ms
23-Feb-2024 10:47:57.798 INFO [main] org.apache.catalina.startup.HostConfig.deployDirectory Deploying web application directory [D:\internet_technologies\tomcat\apache-tomcat-10.1.19\webapps\examples]
23-Feb-2024 10:47:58.437 INFO [main] org.apache.catalina.startup.HostConfig.deployDirectory Deployment of web application directory [D:\internet_technologies\tomcat\apache-tomcat-10.1.19\webapps\examples] has finished in [639] ms
23-Feb-2024 10:47:58.440 INFO [main] org.apache.catalina.startup.HostConfig.deployDirectory Deploying web application directory [D:\internet_technologies\tomcat\apache-tomcat-10.1.19\webapps\host-manager]
23-Feb-2024 10:47:58.521 INFO [main] org.apache.catalina.startup.HostConfig.deployDirectory Deployment of web application directory [D:\internet_technologies\tomcat\apache-tomcat-10.1.19\webapps\host-manager] has finished in [81] ms
23-Feb-2024 10:47:58.521 INFO [main] org.apache.catalina.startup.HostConfig.deployDirectory Deploying web application directory [D:\internet_technologies\tomcat\apache-tomcat-10.1.19\webapps\manager]
23-Feb-2024 10:47:58.575 INFO [main] org.apache.catalina.startup.HostConfig.deployDirectory Deployment of web application directory [D:\internet_technologies\tomcat\apache-tomcat-10.1.19\webapps\manager] has finished in [54] ms
23-Feb-2024 10:47:58.578 INFO [main] org.apache.catalina.startup.HostConfig.deployDirectory Deploying web application directory [D:\internet_technologies\tomcat\apache-tomcat-10.1.19\webapps\ROOT]
23-Feb-2024 10:47:58.611 INFO [main] org.apache.catalina.startup.HostConfig.deployDirectory Deployment of web application directory [D:\internet_technologies\tomcat\apache-tomcat-10.1.19\webapps\ROOT] has finished in [33] ms
23-Feb-2024 10:47:58.620 INFO [main] org.apache.catalina.startup.Catalina.start Server startup in [1600] milliseconds
23-Feb-2024 10:50:09.305 INFO [main] org.apache.catalina.core.StandardServer.await A valid shutdown command was received via the shutdown port. Stopping the Server instance.
23-Feb-2024 10:50:09.306 INFO [main] org.apache.coyote.AbstractProtocol.pause Pausing ProtocolHandler ["http-nio-8080"]
23-Feb-2024 10:50:09.307 INFO [main] org.apache.catalina.core.StandardService.stopInternal Stopping service [Catalina]
23-Feb-2024 10:50:09.346 INFO [main] org.apache.coyote.AbstractProtocol.stop Stopping ProtocolHandler ["http-nio-8080"]
23-Feb-2024 10:50:09.346 INFO [main] org.apache.coyote.AbstractProtocol.destroy Destroying ProtocolHandler ["http-nio-8080"]
23-Feb-2024 10:53:56.735 INFO [main] org.apache.catalina.startup.VersionLoggerListener.log Server version name:   Apache Tomcat/10.1.19
23-Feb-2024 10:53:56.743 INFO [main] org.apache.catalina.startup.VersionLoggerListener.log Server built:          Feb 14 2024 19:36:50 UTC
23-Feb-2024 10:53:56.743 INFO [main] org.apache.catalina.startup.VersionLoggerListener.log Server version number: 10.1.19.0
23-Feb-2024 10:53:56.743 INFO [main] org.apache.catalina.startup.VersionLoggerListener.log OS Name:               Windows 10
23-Feb-2024 10:53:56.743 INFO [main] org.apache.catalina.startup.VersionLoggerListener.log OS Version:            10.0
23-Feb-2024 10:53:56.746 INFO [main] org.apache.catalina.startup.VersionLoggerListener.log Architecture:          amd64
23-Feb-2024 10:53:56.746 INFO [main] org.apache.catalina.startup.VersionLoggerListener.log Java Home:             C:\Program Files\Java\jdk-20
23-Feb-2024 10:53:56.746 INFO [main] org.apache.catalina.startup.VersionLoggerListener.log JVM Version:           20.0.2+9-78
23-Feb-2024 10:53:56.746 INFO [main] org.apache.catalina.startup.VersionLoggerListener.log JVM Vendor:            Oracle Corporation
23-Feb-2024 10:53:56.749 INFO [main] org.apache.catalina.startup.VersionLoggerListener.log CATALINA_BASE:         D:\internet_technologies\tomcat\apache-tomcat-10.1.19
23-Feb-2024 10:53:56.749 INFO [main] org.apache.catalina.startup.VersionLoggerListener.log CATALINA_HOME:         D:\internet_technologies\tomcat\apache-tomcat-10.1.19
23-Feb-2024 10:53:56.764 INFO [main] org.apache.catalina.startup.VersionLoggerListener.log Command line argument: -Djava.util.logging.config.file=D:\internet_technologies\tomcat\apache-tomcat-10.1.19\conf\logging.properties
23-Feb-2024 10:53:56.764 INFO [main] org.apache.catalina.startup.VersionLoggerListener.log Command line argument: -Djava.util.logging.manager=org.apache.juli.ClassLoaderLogManager
23-Feb-2024 10:53:56.767 INFO [main] org.apache.catalina.startup.VersionLoggerListener.log Command line argument: -Djdk.tls.ephemeralDHKeySize=2048
23-Feb-2024 10:53:56.767 INFO [main] org.apache.catalina.startup.VersionLoggerListener.log Command line argument: -Djava.protocol.handler.pkgs=org.apache.catalina.webresources
23-Feb-2024 10:53:56.767 INFO [main] org.apache.catalina.startup.VersionLoggerListener.log Command line argument: --add-opens=java.base/java.lang=ALL-UNNAMED
23-Feb-2024 10:53:56.767 INFO [main] org.apache.catalina.startup.VersionLoggerListener.log Command line argument: --add-opens=java.base/java.io=ALL-UNNAMED
23-Feb-2024 10:53:56.770 INFO [main] org.apache.catalina.startup.VersionLoggerListener.log Command line argument: --add-opens=java.base/java.util=ALL-UNNAMED
23-Feb-2024 10:53:56.770 INFO [main] org.apache.catalina.startup.VersionLoggerListener.log Command line argument: --add-opens=java.base/java.util.concurrent=ALL-UNNAMED
23-Feb-2024 10:53:56.770 INFO [main] org.apache.catalina.startup.VersionLoggerListener.log Command line argument: --add-opens=java.rmi/sun.rmi.transport=ALL-UNNAMED
23-Feb-2024 10:53:56.773 INFO [main] org.apache.catalina.startup.VersionLoggerListener.log Command line argument: -Dcatalina.base=D:\internet_technologies\tomcat\apache-tomcat-10.1.19
23-Feb-2024 10:53:56.773 INFO [main] org.apache.catalina.startup.VersionLoggerListener.log Command line argument: -Dcatalina.home=D:\internet_technologies\tomcat\apache-tomcat-10.1.19
23-Feb-2024 10:53:56.773 INFO [main] org.apache.catalina.startup.VersionLoggerListener.log Command line argument: -Djava.io.tmpdir=D:\internet_technologies\tomcat\apache-tomcat-10.1.19\temp
23-Feb-2024 10:53:56.788 INFO [main] org.apache.catalina.core.AprLifecycleListener.lifecycleEvent Loaded Apache Tomcat Native library [2.0.7] using APR version [1.7.4].
23-Feb-2024 10:53:56.797 INFO [main] org.apache.catalina.core.AprLifecycleListener.initializeSSL OpenSSL successfully initialized [OpenSSL 3.0.13 30 Jan 2024]
23-Feb-2024 10:53:57.289 INFO [main] org.apache.coyote.AbstractProtocol.init Initializing ProtocolHandler ["http-nio-8080"]
23-Feb-2024 10:53:57.343 INFO [main] org.apache.catalina.startup.Catalina.load Server initialization in [898] milliseconds
23-Feb-2024 10:53:57.442 INFO [main] org.apache.catalina.core.StandardService.startInternal Starting service [Catalina]
23-Feb-2024 10:53:57.448 INFO [main] org.apache.catalina.core.StandardEngine.startInternal Starting Servlet engine: [Apache Tomcat/10.1.19]
23-Feb-2024 10:53:57.481 INFO [main] org.apache.catalina.startup.HostConfig.deployDirectory Deploying web application directory [D:\internet_technologies\tomcat\apache-tomcat-10.1.19\webapps\docs]
23-Feb-2024 10:53:58.177 INFO [main] org.apache.catalina.startup.HostConfig.deployDirectory Deployment of web application directory [D:\internet_technologies\tomcat\apache-tomcat-10.1.19\webapps\docs] has finished in [696] ms
23-Feb-2024 10:53:58.180 INFO [main] org.apache.catalina.startup.HostConfig.deployDirectory Deploying web application directory [D:\internet_technologies\tomcat\apache-tomcat-10.1.19\webapps\examples]
23-Feb-2024 10:53:59.099 INFO [main] org.apache.catalina.startup.HostConfig.deployDirectory Deployment of web application directory [D:\internet_technologies\tomcat\apache-tomcat-10.1.19\webapps\examples] has finished in [919] ms
23-Feb-2024 10:53:59.099 INFO [main] org.apache.catalina.startup.HostConfig.deployDirectory Deploying web application directory [D:\internet_technologies\tomcat\apache-tomcat-10.1.19\webapps\host-manager]
23-Feb-2024 10:53:59.171 INFO [main] org.apache.catalina.startup.HostConfig.deployDirectory Deployment of web application directory [D:\internet_technologies\tomcat\apache-tomcat-10.1.19\webapps\host-manager] has finished in [69] ms
23-Feb-2024 10:53:59.171 INFO [main] org.apache.catalina.startup.HostConfig.deployDirectory Deploying web application directory [D:\internet_technologies\tomcat\apache-tomcat-10.1.19\webapps\manager]
23-Feb-2024 10:53:59.243 INFO [main] org.apache.catalina.startup.HostConfig.deployDirectory Deployment of web application directory [D:\internet_technologies\tomcat\apache-tomcat-10.1.19\webapps\manager] has finished in [72] ms
23-Feb-2024 10:53:59.246 INFO [main] org.apache.catalina.startup.HostConfig.deployDirectory Deploying web application directory [D:\internet_technologies\tomcat\apache-tomcat-10.1.19\webapps\ROOT]
23-Feb-2024 10:53:59.288 INFO [main] org.apache.catalina.startup.HostConfig.deployDirectory Deployment of web application directory [D:\internet_technologies\tomcat\apache-tomcat-10.1.19\webapps\ROOT] has finished in [42] ms
23-Feb-2024 10:53:59.297 INFO [main] org.apache.coyote.AbstractProtocol.start Starting ProtocolHandler ["http-nio-8080"]
23-Feb-2024 10:53:59.415 INFO [main] org.apache.catalina.startup.Catalina.start Server startup in [2065] milliseconds
23-Feb-2024 13:04:28.223 WARNING [main] org.apache.catalina.core.StandardServer.await Invalid shutdown command [] received
23-Feb-2024 13:04:44.108 INFO [main] org.apache.catalina.core.StandardServer.await A valid shutdown command was received via the shutdown port. Stopping the Server instance.
23-Feb-2024 13:04:44.111 INFO [main] org.apache.coyote.AbstractProtocol.pause Pausing ProtocolHandler ["http-nio-8080"]
23-Feb-2024 13:04:44.148 INFO [main] org.apache.catalina.core.StandardService.stopInternal Stopping service [Catalina]
23-Feb-2024 13:04:44.197 INFO [main] org.apache.coyote.AbstractProtocol.stop Stopping ProtocolHandler ["http-nio-8080"]
23-Feb-2024 13:04:44.211 INFO [main] org.apache.coyote.AbstractProtocol.destroy Destroying ProtocolHandler ["http-nio-8080"]
